<?xml version="1.0" encoding="UTF-8"?>
<!-- Generated by org.testng.reporters.JUnitReportReporter -->
<testsuite skipped="0" hostname="MVIDYADHAR" name="com.qa.hubspot.tests.TestNGAnnotations" tests="2" failures="0" timestamp="03 Mar 2019 13:52:28 GMT" time="0.029" errors="0">
  <testcase name="test1" time="0.014" classname="com.qa.hubspot.tests.TestNGAnnotations"/>
  <testcase name="test2" time="0.015" classname="com.qa.hubspot.tests.TestNGAnnotations"/>
</testsuite> <!-- com.qa.hubspot.tests.TestNGAnnotations -->
