<?xml version="1.0" encoding="UTF-8"?>
<!-- Generated by org.testng.reporters.JUnitReportReporter -->
<testsuite skipped="0" hostname="MVIDYADHAR" name="com.qa.hubspot.tests.InvocationCount" tests="10" failures="0" timestamp="03 Mar 2019 12:08:08 GMT" time="0.033" errors="0">
  <testcase name="createUserTest" time="0.006" classname="com.qa.hubspot.tests.InvocationCount"/>
  <testcase name="createUserTest" time="0.000" classname="com.qa.hubspot.tests.InvocationCount"/>
  <testcase name="createUserTest" time="0.001" classname="com.qa.hubspot.tests.InvocationCount"/>
  <testcase name="createUserTest" time="0.000" classname="com.qa.hubspot.tests.InvocationCount"/>
  <testcase name="createUserTest" time="0.000" classname="com.qa.hubspot.tests.InvocationCount"/>
  <testcase name="createUserTest" time="0.005" classname="com.qa.hubspot.tests.InvocationCount"/>
  <testcase name="createUserTest" time="0.002" classname="com.qa.hubspot.tests.InvocationCount"/>
  <testcase name="createUserTest" time="0.011" classname="com.qa.hubspot.tests.InvocationCount"/>
  <testcase name="createUserTest" time="0.000" classname="com.qa.hubspot.tests.InvocationCount"/>
  <testcase name="createUserTest" time="0.008" classname="com.qa.hubspot.tests.InvocationCount"/>
</testsuite> <!-- com.qa.hubspot.tests.InvocationCount -->
