<?xml version="1.0" encoding="UTF-8"?>
<!-- Generated by org.testng.reporters.JUnitReportReporter -->
<testsuite skipped="0" hostname="MVIDYADHAR" name="com.qa.hubspot.tests.PriorityConcept" tests="4" failures="0" timestamp="03 Mar 2019 12:04:49 GMT" time="0.022" errors="0">
  <testcase name="dloginTest4" time="0.015" classname="com.qa.hubspot.tests.PriorityConcept"/>
  <testcase name="aloginTest1" time="0.003" classname="com.qa.hubspot.tests.PriorityConcept"/>
  <testcase name="bloginTest2" time="0.004" classname="com.qa.hubspot.tests.PriorityConcept"/>
  <testcase name="cloginTest3" time="0.000" classname="com.qa.hubspot.tests.PriorityConcept"/>
</testsuite> <!-- com.qa.hubspot.tests.PriorityConcept -->
