<?xml version="1.0" encoding="UTF-8"?>
<!-- Generated by org.testng.reporters.JUnitReportReporter -->
<testsuite skipped="0" hostname="MVIDYADHAR" name="com.qa.hubspot.tests.DealsPageTest" tests="6" failures="0" timestamp="28 Feb 2019 03:32:59 GMT" time="133.634" errors="0">
  <testcase name="createNewDealsTest" time="21.928" classname="com.qa.hubspot.tests.DealsPageTest"/>
  <testcase name="createNewDealsTest" time="21.349" classname="com.qa.hubspot.tests.DealsPageTest"/>
  <testcase name="createNewDealsTest" time="21.991" classname="com.qa.hubspot.tests.DealsPageTest"/>
  <testcase name="createNewDealsTest" time="23.289" classname="com.qa.hubspot.tests.DealsPageTest"/>
  <testcase name="createNewDealsTest" time="21.900" classname="com.qa.hubspot.tests.DealsPageTest"/>
  <testcase name="createNewDealsTest" time="23.177" classname="com.qa.hubspot.tests.DealsPageTest"/>
</testsuite> <!-- com.qa.hubspot.tests.DealsPageTest -->
