<?xml version="1.0" encoding="UTF-8"?>
<!-- Generated by org.testng.reporters.JUnitReportReporter -->
<testsuite skipped="0" hostname="MVIDYADHAR" name="com.qa.hubspot.tests.ExpectedExceptionConcept" tests="1" failures="0" timestamp="03 Mar 2019 12:13:48 GMT" time="0.015" errors="0">
  <testcase name="sumTest" time="0.015" classname="com.qa.hubspot.tests.ExpectedExceptionConcept"/>
</testsuite> <!-- com.qa.hubspot.tests.ExpectedExceptionConcept -->
