<?xml version="1.0" encoding="UTF-8"?>
<!-- Generated by org.testng.reporters.JUnitReportReporter -->
<testsuite skipped="0" hostname="MVIDYADHAR" name="com.qa.hubspot.tests.LoginTest" tests="3" failures="0" timestamp="03 Mar 2019 14:29:59 GMT" time="30.225" errors="0">
  <testcase name="verifyLoginPageTitleTest" time="8.786" classname="com.qa.hubspot.tests.LoginTest"/>
  <testcase name="verifySignUpLinkTest" time="9.017" classname="com.qa.hubspot.tests.LoginTest"/>
  <testcase name="loginCorrectCredentialsTest" time="12.422" classname="com.qa.hubspot.tests.LoginTest"/>
</testsuite> <!-- com.qa.hubspot.tests.LoginTest -->
